<?xml version="1.0" encoding="utf-8"?><testsuites name="pytest tests"><testsuite name="pytest" errors="0" failures="0" skipped="0" tests="20" time="1.051" timestamp="2026-01-08T21:28:37.148250+00:00" hostname="agent-env-26dc4589-530a-4e78-8857-5f5e9d08b0c9"><testcase classname="tests.test_leaderboard_and_worldcup.TestLeaderboardAPI" name="test_leaderboard_endpoint_returns_200" time="0.094" /><testcase classname="tests.test_leaderboard_and_worldcup.TestLeaderboardAPI" name="test_leaderboard_returns_list" time="0.037" /><testcase classname="tests.test_leaderboard_and_worldcup.TestLeaderboardAPI" name="test_leaderboard_structure_per_league" time="0.077" /><testcase classname="tests.test_leaderboard_and_worldcup.TestLeaderboardAPI" name="test_leaderboard_user_entry_structure" time="0.038" /><testcase classname="tests.test_leaderboard_and_worldcup.TestLeaderboardAPI" name="test_matchday_scores_structure" time="0.039" /><testcase classname="tests.test_leaderboard_and_worldcup.TestLeaderboardAPI" name="test_scoring_logic_3_pts_sole_winner" time="0.077" /><testcase classname="tests.test_leaderboard_and_worldcup.TestLeaderboardAPI" name="test_scoring_logic_1_pt_tied_winner" time="0.038" /><testcase classname="tests.test_leaderboard_and_worldcup.TestLeaderboardAPI" name="test_scoring_logic_0_pts_non_winner" time="0.045" /><testcase classname="tests.test_leaderboard_and_worldcup.TestLeaderboardAPI" name="test_leaderboard_sorted_by_points" time="0.038" /><testcase classname="tests.test_leaderboard_and_worldcup.TestLeaderboardAPI" name="test_invalid_team_id_returns_empty" time="0.040" /><testcase classname="tests.test_leaderboard_and_worldcup.TestWorldCupGroupsAPI" name="test_world_cup_groups_returns_200" time="0.042" /><testcase classname="tests.test_leaderboard_and_worldcup.TestWorldCupGroupsAPI" name="test_world_cup_groups_returns_list" time="0.036" /><testcase classname="tests.test_leaderboard_and_worldcup.TestWorldCupGroupsAPI" name="test_world_cup_has_12_groups" time="0.076" /><testcase classname="tests.test_leaderboard_and_worldcup.TestWorldCupGroupsAPI" name="test_world_cup_groups_a_to_l" time="0.035" /><testcase classname="tests.test_leaderboard_and_worldcup.TestWorldCupGroupsAPI" name="test_world_cup_group_structure" time="0.038" /><testcase classname="tests.test_leaderboard_and_worldcup.TestWorldCupGroupsAPI" name="test_world_cup_group_name_field" time="0.035" /><testcase classname="tests.test_leaderboard_and_worldcup.TestLeaguesAPI" name="test_leagues_returns_200" time="0.035" /><testcase classname="tests.test_leaderboard_and_worldcup.TestLeaguesAPI" name="test_leagues_includes_world_cup" time="0.039" /><testcase classname="tests.test_leaderboard_and_worldcup.TestHealthAndBasicEndpoints" name="test_api_root_returns_200" time="0.075" /><testcase classname="tests.test_leaderboard_and_worldcup.TestHealthAndBasicEndpoints" name="test_user_endpoint" time="0.036" /></testsuite></testsuites>